<?xml version="1.0" encoding="UTF-8"?>
<testng-results ignored="0" total="1" passed="1" failed="0" skipped="0">
  <reporter-output>
  </reporter-output>
  <suite started-at="2021-04-20T18:01:37 ICT" name="Default suite" finished-at="2021-04-20T18:01:41 ICT" duration-ms="4491">
    <groups>
    </groups>
    <test started-at="2021-04-20T18:01:37 ICT" name="Default test" finished-at="2021-04-20T18:01:41 ICT" duration-ms="4491">
      <class name="tests.XMLSchemaVAlidation">
        <test-method signature="schemaValidation()[pri:0, instance:tests.XMLSchemaVAlidation@23986957]" started-at="2021-04-20T18:01:37 ICT" name="schemaValidation" finished-at="2021-04-20T18:01:41 ICT" duration-ms="4407" status="PASS">
          <reporter-output>
          </reporter-output>
        </test-method> <!-- schemaValidation -->
      </class> <!-- tests.XMLSchemaVAlidation -->
    </test> <!-- Default test -->
  </suite> <!-- Default suite -->
</testng-results>
